<?xml version="1.0" encoding="UTF-8"?>
<!-- Generated by org.testng.reporters.JUnitXMLReporter -->
<testsuite hostname="MUGIL" ignored="0" name="Test" tests="3" failures="1" timestamp="17 Dec 2021 10:16:32 GMT" time="17.841" errors="0">
  <testcase name="test1" time="9.328" classname="org.test.SoftAssertsss"/>
  <testcase name="test1" time="6.194" classname="org.test.SoftAssertsss"/>
  <testcase name="test2" time="0.0" classname="org.test.SoftAssertsss">
    <failure type="org.testng.TestNGException" message="
Method private void org.test.SoftAssertsss.test2(java.lang.String,java.lang.String,java.lang.String) requires a @DataProvider named : register in class org.test.dataProvider">
      <![CDATA[org.testng.TestNGException: 
Method private void org.test.SoftAssertsss.test2(java.lang.String,java.lang.String,java.lang.String) requires a @DataProvider named : register in class org.test.dataProvider
... Removed 22 stack frames]]>
    </failure>
  </testcase> <!-- test2 -->
</testsuite> <!-- Test -->
