<?xml version="1.0" encoding="UTF-8"?>
<testng-results skipped="0" failed="1" ignored="0" total="3" passed="2">
  <reporter-output>
  </reporter-output>
  <suite name="Default suite" duration-ms="21149" started-at="2021-12-20T03:58:57Z" finished-at="2021-12-20T03:59:18Z">
    <groups>
    </groups>
    <test name="Default test" duration-ms="21149" started-at="2021-12-20T03:58:57Z" finished-at="2021-12-20T03:59:18Z">
      <class name="org.test.SoftAssertsss">
        <test-method status="PASS" signature="beforeclass()[pri:0, instance:org.test.SoftAssertsss@5c909414]" name="beforeclass" is-config="true" duration-ms="4589" started-at="2021-12-20T03:58:57Z" finished-at="2021-12-20T03:59:01Z">
          <reporter-output>
          </reporter-output>
        </test-method> <!-- beforeclass -->
        <test-method status="PASS" signature="beforemethod()[pri:0, instance:org.test.SoftAssertsss@5c909414]" name="beforemethod" is-config="true" duration-ms="10" started-at="2021-12-20T03:59:01Z" finished-at="2021-12-20T03:59:01Z">
          <reporter-output>
          </reporter-output>
        </test-method> <!-- beforemethod -->
        <test-method status="PASS" signature="test1(java.lang.String, java.lang.String)[pri:0, instance:org.test.SoftAssertsss@5c909414]" name="test1" duration-ms="9756" started-at="2021-12-20T03:59:01Z" data-provider="login" finished-at="2021-12-20T03:59:11Z">
          <params>
            <param index="0">
              <value>
                <![CDATA[uythg]]>
              </value>
            </param>
            <param index="1">
              <value>
                <![CDATA[7894562]]>
              </value>
            </param>
          </params>
          <reporter-output>
          </reporter-output>
        </test-method> <!-- test1 -->
        <test-method status="PASS" signature="aftermethod()[pri:0, instance:org.test.SoftAssertsss@5c909414]" name="aftermethod" is-config="true" duration-ms="1" started-at="2021-12-20T03:59:11Z" finished-at="2021-12-20T03:59:11Z">
          <reporter-output>
          </reporter-output>
        </test-method> <!-- aftermethod -->
        <test-method status="PASS" signature="beforemethod()[pri:0, instance:org.test.SoftAssertsss@5c909414]" name="beforemethod" is-config="true" duration-ms="0" started-at="2021-12-20T03:59:11Z" finished-at="2021-12-20T03:59:11Z">
          <reporter-output>
          </reporter-output>
        </test-method> <!-- beforemethod -->
        <test-method status="PASS" signature="test1(java.lang.String, java.lang.String)[pri:0, instance:org.test.SoftAssertsss@5c909414]" name="test1" duration-ms="6725" started-at="2021-12-20T03:59:11Z" data-provider="login" finished-at="2021-12-20T03:59:18Z">
          <params>
            <param index="0">
              <value>
                <![CDATA[ffdrett]]>
              </value>
            </param>
            <param index="1">
              <value>
                <![CDATA[478596]]>
              </value>
            </param>
          </params>
          <reporter-output>
          </reporter-output>
        </test-method> <!-- test1 -->
        <test-method status="PASS" signature="aftermethod()[pri:0, instance:org.test.SoftAssertsss@5c909414]" name="aftermethod" is-config="true" duration-ms="0" started-at="2021-12-20T03:59:18Z" finished-at="2021-12-20T03:59:18Z">
          <reporter-output>
          </reporter-output>
        </test-method> <!-- aftermethod -->
        <test-method status="FAIL" signature="test2(java.lang.String, java.lang.String, java.lang.String)[pri:0, instance:org.test.SoftAssertsss@5c909414]" name="test2" duration-ms="1" started-at="2021-12-20T03:59:18Z" data-provider="register" finished-at="2021-12-20T03:59:18Z">
          <exception class="org.testng.internal.reflect.MethodMatcherException">
            <message>
              <![CDATA[
Data provider mismatch
Method: test2([Parameter{index=0, type=java.lang.String, declaredAnnotations=[]}, Parameter{index=1, type=java.lang.String, declaredAnnotations=[]}, Parameter{index=2, type=java.lang.String, declaredAnnotations=[]}])
Arguments: [(java.lang.String) asdft,(java.lang.String) 478596]]]>
            </message>
            <full-stacktrace>
              <![CDATA[org.testng.internal.reflect.MethodMatcherException: 
Data provider mismatch
Method: test2([Parameter{index=0, type=java.lang.String, declaredAnnotations=[]}, Parameter{index=1, type=java.lang.String, declaredAnnotations=[]}, Parameter{index=2, type=java.lang.String, declaredAnnotations=[]}])
Arguments: [(java.lang.String) asdft,(java.lang.String) 478596]
at org.testng.internal.reflect.DataProviderMethodMatcher.getConformingArguments(DataProviderMethodMatcher.java:45)
at org.testng.internal.Parameters.injectParameters(Parameters.java:796)
at org.testng.internal.Invoker.invokeTestMethods(Invoker.java:983)
at org.testng.internal.TestMethodWorker.invokeTestMethods(TestMethodWorker.java:125)
at org.testng.internal.TestMethodWorker.run(TestMethodWorker.java:109)
at org.testng.TestRunner.privateRun(TestRunner.java:648)
at org.testng.TestRunner.run(TestRunner.java:505)
at org.testng.SuiteRunner.runTest(SuiteRunner.java:455)
at org.testng.SuiteRunner.runSequentially(SuiteRunner.java:450)
at org.testng.SuiteRunner.privateRun(SuiteRunner.java:415)
at org.testng.SuiteRunner.run(SuiteRunner.java:364)
at org.testng.SuiteRunnerWorker.runSuite(SuiteRunnerWorker.java:52)
at org.testng.SuiteRunnerWorker.run(SuiteRunnerWorker.java:84)
at org.testng.TestNG.runSuitesSequentially(TestNG.java:1208)
at org.testng.TestNG.runSuitesLocally(TestNG.java:1137)
at org.testng.TestNG.runSuites(TestNG.java:1049)
at org.testng.TestNG.run(TestNG.java:1017)
at org.testng.remote.AbstractRemoteTestNG.run(AbstractRemoteTestNG.java:115)
at org.testng.remote.RemoteTestNG.initAndRun(RemoteTestNG.java:251)
at org.testng.remote.RemoteTestNG.main(RemoteTestNG.java:77)
]]>
            </full-stacktrace>
          </exception> <!-- org.testng.internal.reflect.MethodMatcherException -->
          <reporter-output>
          </reporter-output>
        </test-method> <!-- test2 -->
        <test-method status="PASS" signature="afterclass()[pri:0, instance:org.test.SoftAssertsss@5c909414]" name="afterclass" is-config="true" duration-ms="1" started-at="2021-12-20T03:59:18Z" finished-at="2021-12-20T03:59:18Z">
          <reporter-output>
          </reporter-output>
        </test-method> <!-- afterclass -->
      </class> <!-- org.test.SoftAssertsss -->
    </test> <!-- Default test -->
  </suite> <!-- Default suite -->
</testng-results>
